SampleSplashScreen/SampleSplashScreen/build/outputs/logs/manifest-merger-debug-report.txt
-- Merging decision tree log ---
manifest
ADDED from SampleSplashScreen\SampleSplashScreen\AndroidManifest.xml:1:1-28:12
	xmlns:android
		ADDED from SampleSplashScreen\SampleSplashScreen\AndroidManifest.xml:1:11-69
	package
		ADDED from SampleSplashScreen\SampleSplashScreen\AndroidManifest.xml:2:5-67
	android:versionName
		ADDED from SampleSplashScreen\SampleSplashScreen\AndroidManifest.xml:4:5-30
	android:versionCode
		ADDED from SampleSplashScreen\SampleSplashScreen\AndroidManifest.xml:3:5-28
		INJECTED from SampleSplashScreen\SampleSplashScreen\AndroidManifest.xml
		INJECTED from SampleSplashScreen\SampleSplashScreen\AndroidManifest.xml
uses-sdk
ADDED from SampleSplashScreen\SampleSplashScreen\AndroidManifest.xml:6:5-8:41
	android:targetSdkVersion
		ADDED from SampleSplashScreen\SampleSplashScreen\AndroidManifest.xml:8:9-38
	android:minSdkVersion
		ADDED from SampleSplashScreen\SampleSplashScreen\AndroidManifest.xml:7:9-34
application
ADDED from SampleSplashScreen\SampleSplashScreen\AndroidManifest.xml:10:5-26:19
	android:label
		ADDED from SampleSplashScreen\SampleSplashScreen\AndroidManifest.xml:12:9-41
	android:icon
		ADDED from SampleSplashScreen\SampleSplashScreen\AndroidManifest.xml:11:9-45
	android:theme
		ADDED from SampleSplashScreen\SampleSplashScreen\AndroidManifest.xml:13:9-40
activity#br.com.thiagovespa.android.sample.samplesplashscreen.MainActivity
ADDED from SampleSplashScreen\SampleSplashScreen\AndroidManifest.xml:14:9-17:20
	android:label
		ADDED from SampleSplashScreen\SampleSplashScreen\AndroidManifest.xml:16:13-56
	android:name
		ADDED from SampleSplashScreen\SampleSplashScreen\AndroidManifest.xml:15:13-41
activity#br.com.thiagovespa.android.sample.samplesplashscreen.SplashScreenActivity
ADDED from SampleSplashScreen\SampleSplashScreen\AndroidManifest.xml:18:9-25:20
	android:label
		ADDED from SampleSplashScreen\SampleSplashScreen\AndroidManifest.xml:20:13-65
	android:name
		ADDED from SampleSplashScreen\SampleSplashScreen\AndroidManifest.xml:19:13-49
intent-filter#android.intent.action.MAIN+android.intent.category.LAUNCHER
ADDED from SampleSplashScreen\SampleSplashScreen\AndroidManifest.xml:21:13-24:29
action#android.intent.action.MAIN
ADDED from SampleSplashScreen\SampleSplashScreen\AndroidManifest.xml:22:17-69
	android:name
		ADDED from SampleSplashScreen\SampleSplashScreen\AndroidManifest.xml:22:25-66
category#android.intent.category.LAUNCHER
ADDED from SampleSplashScreen\SampleSplashScreen\AndroidManifest.xml:23:17-77
	android:name
		ADDED from SampleSplashScreen\SampleSplashScreen\AndroidManifest.xml:23:27-74